<?xml version="1.0" encoding="UTF-8"?>
<!-- Generated by org.testng.reporters.JUnitReportReporter -->
<testsuite skipped="0" hostname="User-PC" name="com.crm.qa.testcases.LoginPageTest" tests="3" failures="0" timestamp="16 Aug 2019 10:20:54 GMT" time="61.062" errors="0">
  <testcase name="LoginPageTitleTest" time="12.362" classname="com.crm.qa.testcases.LoginPageTest"/>
  <testcase name="crmLogoImageTest" time="12.277" classname="com.crm.qa.testcases.LoginPageTest"/>
  <testcase name="loginTest" time="36.423" classname="com.crm.qa.testcases.LoginPageTest"/>
</testsuite> <!-- com.crm.qa.testcases.LoginPageTest -->
